<?xml version="1.0" encoding="UTF-8"?>
<!-- Generated by org.testng.reporters.JUnitXMLReporter -->
<testsuite ignored="9" hostname="Niteesh" failures="0" tests="1" name="Default test" time="4.265" errors="0" timestamp="2023-10-03T17:09:32 IST">
  <testcase classname="challenges.TestAll" name="TakeScreenShot" time="4.24"/>
  <testcase classname="challenges.TestAll" name="countOfCharacter" time="0.0">
    <ignored/>
  </testcase> <!-- countOfCharacter -->
  <testcase classname="challenges.TestAll" name="ExctractOnlyDateInString" time="0.0">
    <ignored/>
  </testcase> <!-- ExctractOnlyDateInString -->
  <testcase classname="challenges.TestAll" name="CharCountAppendColan" time="0.0">
    <ignored/>
  </testcase> <!-- CharCountAppendColan -->
  <testcase classname="challenges.TestAll" name="UniqueWordsInTwoStrings" time="0.0">
    <ignored/>
  </testcase> <!-- UniqueWordsInTwoStrings -->
  <testcase classname="challenges.TestAll" name="removeDuplicateCharacterInString_2" time="0.0">
    <ignored/>
  </testcase> <!-- removeDuplicateCharacterInString_2 -->
  <testcase classname="challenges.TestAll" name="removeDuplicateCharacterInString_1" time="0.0">
    <ignored/>
  </testcase> <!-- removeDuplicateCharacterInString_1 -->
  <testcase classname="challenges.TestAll" name="OccurenceOfCharacter_1" time="0.0">
    <ignored/>
  </testcase> <!-- OccurenceOfCharacter_1 -->
  <testcase classname="challenges.TestAll" name="SortZeroToFirstAndLast" time="0.0">
    <ignored/>
  </testcase> <!-- SortZeroToFirstAndLast -->
  <testcase classname="challenges.TestAll" name="FirstThreeMaxNumbers" time="0.0">
    <ignored/>
  </testcase> <!-- FirstThreeMaxNumbers -->
</testsuite> <!-- Default test -->
