<?xml version="1.0" encoding="UTF-8"?>
<!-- Generated by org.testng.reporters.JUnitXMLReporter -->
<testsuite ignored="1" hostname="Niteesh" failures="0" tests="1" name="Default test" time="0.054" errors="0" timestamp="2024-07-04T12:15:38 IST">
  <testcase classname="test.Extract_3_To_4_digits_FromString" name="method2" time="0.012"/>
  <testcase classname="test.Extract_3_To_4_digits_FromString" name="method1" time="0.0">
    <ignored/>
  </testcase> <!-- method1 -->
</testsuite> <!-- Default test -->
