<?xml version="1.0" encoding="UTF-8"?>
<testng-results ignored="4" total="5" passed="1" failed="0" skipped="0">
  <reporter-output>
  </reporter-output>
  <suite started-at="2023-10-03T12:53:16 IST" name="Default suite" finished-at="2023-10-03T12:53:16 IST" duration-ms="42">
    <groups>
    </groups>
    <test started-at="2023-10-03T12:53:16 IST" name="Default test" finished-at="2023-10-03T12:53:16 IST" duration-ms="42">
      <class name="challenges.TestAll">
        <test-method signature="UniqueWordsInTwoStrings()[pri:0, instance:challenges.TestAll@3e11f9e9]" started-at="2023-10-03T12:53:16 IST" name="UniqueWordsInTwoStrings" finished-at="2023-10-03T12:53:16 IST" duration-ms="7" status="PASS">
          <reporter-output>
          </reporter-output>
        </test-method> <!-- UniqueWordsInTwoStrings -->
      </class> <!-- challenges.TestAll -->
    </test> <!-- Default test -->
  </suite> <!-- Default suite -->
</testng-results>
