<?xml version="1.0" encoding="UTF-8"?>
<testng-results ignored="1" total="2" passed="1" failed="0" skipped="0">
  <reporter-output>
  </reporter-output>
  <suite started-at="2024-07-04T12:15:38 IST" name="Default suite" finished-at="2024-07-04T12:15:38 IST" duration-ms="54">
    <groups>
    </groups>
    <test started-at="2024-07-04T12:15:38 IST" name="Default test" finished-at="2024-07-04T12:15:38 IST" duration-ms="54">
      <class name="test.Extract_3_To_4_digits_FromString">
        <test-method signature="method2()[pri:0, instance:test.Extract_3_To_4_digits_FromString@82de64a]" started-at="2024-07-04T12:15:38 IST" name="method2" finished-at="2024-07-04T12:15:38 IST" duration-ms="12" status="PASS">
          <reporter-output>
          </reporter-output>
        </test-method> <!-- method2 -->
      </class> <!-- test.Extract_3_To_4_digits_FromString -->
    </test> <!-- Default test -->
  </suite> <!-- Default suite -->
</testng-results>
